<?xml version="1.0" encoding="UTF-8" ?>
<testsuite errors="0" failures="0" hostname="Bruce_Laptop2" name="bestFriendsSiteMap.HomeVolunteerAtTheSanctuary" tests="1" time="33.962" timestamp="2013-10-07T21:26:57">
  <properties>
    <property name="java.vendor" value="Oracle Corporation" />
    <property name="libs" value="C:\Selenium\Selenium_Tests\Best Friends Animal Society\lib" />
    <property name="sun.java.launcher" value="SUN_STANDARD" />
    <property name="seleniumclientlocation" value="" />
    <property name="sun.management.compiler" value="HotSpot Client Compiler" />
    <property name="os.name" value="Windows 8" />
    <property name="sun.boot.class.path" value="C:\Program Files (x86)\Java\jdk1.7.0_40\jre\lib\resources.jar;C:\Program Files (x86)\Java\jdk1.7.0_40\jre\lib\rt.jar;C:\Program Files (x86)\Java\jdk1.7.0_40\jre\lib\sunrsasign.jar;C:\Program Files (x86)\Java\jdk1.7.0_40\jre\lib\jsse.jar;C:\Program Files (x86)\Java\jdk1.7.0_40\jre\lib\jce.jar;C:\Program Files (x86)\Java\jdk1.7.0_40\jre\lib\charsets.jar;C:\Program Files (x86)\Java\jdk1.7.0_40\jre\lib\jfr.jar;C:\Program Files (x86)\Java\jdk1.7.0_40\jre\classes" />
    <property name="ant.file.Run Selenium Tests" value="C:\Selenium\Selenium_Tests\Best Friends Animal Society\build.xml" />
    <property name="sun.desktop" value="windows" />
    <property name="java.vm.specification.vendor" value="Oracle Corporation" />
    <property name="ant.home" value="C:\Program Files (x86)\WinAnt" />
    <property name="java.runtime.version" value="1.7.0_40-b43" />
    <property name="selenium.browser" value="*firefox" />
    <property name="user.name" value="Bruce" />
    <property name="BROWSER" value="*firefox" />
    <property name="seleniumServerJarName" value="selenium-server-standalone-2.35.0.jar" />
    <property name="user.language" value="en" />
    <property name="testresults" value="C:\Selenium\Selenium_Tests\Best Friends Animal Society\junit-results" />
    <property name="build" value="C:\Selenium\Selenium_Tests\Best Friends Animal Society\build" />
    <property name="sun.boot.library.path" value="C:\Program Files (x86)\Java\jdk1.7.0_40\jre\bin" />
    <property name="ant.project.default-target" value="all_selenium_tests" />
    <property name="ant.project.name" value="Run Selenium Tests" />
    <property name="java.version" value="1.7.0_40" />
    <property name="ant.file.type.Run Selenium Tests" value="file" />
    <property name="user.timezone" value="" />
    <property name="sun.arch.data.model" value="32" />
    <property name="java.endorsed.dirs" value="C:\Program Files (x86)\Java\jdk1.7.0_40\jre\lib\endorsed" />
    <property name="sun.cpu.isalist" value="pentium_pro+mmx pentium_pro pentium+mmx pentium i486 i386 i86" />
    <property name="sun.jnu.encoding" value="Cp1252" />
    <property name="file.encoding.pkg" value="sun.io" />
    <property name="file.separator" value="\" />
    <property name="java.specification.name" value="Java Platform API Specification" />
    <property name="java.class.version" value="51.0" />
    <property name="src" value="C:\Selenium\Selenium_Tests\Best Friends Animal Society\src" />
    <property name="user.country" value="US" />
    <property name="java.home" value="C:\Program Files (x86)\Java\jdk1.7.0_40\jre" />
    <property name="java.vm.info" value="mixed mode, sharing" />
    <property name="seleniumVersion" value="2.35.0" />
    <property name="ant.file" value="C:\Selenium\Selenium_Tests\Best Friends Animal Society\build.xml" />
    <property name="os.version" value="6.2" />
    <property name="path.separator" value=";" />
    <property name="java.vm.version" value="24.0-b56" />
    <property name="seleniumserverlocation" value="C:\Selenium\Selenium_Tests\Best Friends Animal Society\lib\selenium_2.35.0\selenium-server-standalone-2.35.0.jar" />
    <property name="user.variant" value="" />
    <property name="ant.library.dir" value="C:\Program Files (x86)\WinAnt\lib" />
    <property name="java.awt.printerjob" value="sun.awt.windows.WPrinterJob" />
    <property name="sun.io.unicode.encoding" value="UnicodeLittle" />
    <property name="awt.toolkit" value="sun.awt.windows.WToolkit" />
    <property name="user.script" value="" />
    <property name="user.home" value="C:\Users\NATHAN" />
    <property name="java.specification.vendor" value="Oracle Corporation" />
    <property name="java.library.path" value="C:\Program Files (x86)\Java\jdk1.7.0_40\jre\bin;C:\Windows\Sun\Java\bin;C:\Windows\system32;C:\Windows;C:\Program Files (x86)\NVIDIA Corporation\PhysX\Common;C:\Windows\system32;C:\Windows;C:\Windows\System32\Wbem;C:\Windows\System32\WindowsPowerShell\v1.0\;C:\Program Files (x86)\Intel\OpenCL SDK\2.0\bin\x86;C:\Program Files (x86)\Intel\OpenCL SDK\2.0\bin\x64;C:\Program Files (x86)\QuickTime\QTSystem\;C:\Program Files\Intel\WiFi\bin\;C:\Program Files\Common Files\Intel\WirelessCommon\;C:\Program Files (x86)\Common Files\Acronis\SnapAPI\;C:\Program Files (x86)\Common Files\Roxio Shared\DLLShared\;C:\Program Files (x86)\Common Files\Roxio Shared\DLLShared\;C:\Program Files (x86)\Common Files\Roxio Shared\13.0\DLLShared\;C:\Program Files (x86)\MySQL\MySQL Utilities 1.3.4\;C:\Program Files\Intel\WiFi\bin\;C:\Program Files\Common Files\Intel\WirelessCommon\;C:\Program Files (x86)\Java\jre7\bin\;C:\Program Files (x86)\Mozilla Firefox\;C:\Program Files (x86)\WinAnt\bin;." />
    <property name="java.vendor.url" value="http://java.oracle.com/" />
    <property name="testDir" value="C:\Selenium\Selenium_Tests\Best Friends Animal Society\src\test\java" />
    <property name="java.vm.vendor" value="Oracle Corporation" />
    <property name="java.runtime.name" value="Java(TM) SE Runtime Environment" />
    <property name="sun.java.command" value="org.apache.tools.ant.taskdefs.optional.junit.JUnitTestRunner bestFriendsSiteMap.HomeVolunteerAtTheSanctuary filtertrace=true haltOnError=false haltOnFailure=false formatter=org.apache.tools.ant.taskdefs.optional.junit.SummaryJUnitResultFormatter showoutput=false outputtoformatters=true logfailedtests=true logtestlistenerevents=false formatter=org.apache.tools.ant.taskdefs.optional.junit.XMLJUnitResultFormatter,C:\Selenium\Selenium_Tests\Best Friends Animal Society\junit-results\TEST-bestFriendsSiteMap.HomeVolunteerAtTheSanctuary.xml crashfile=C:\Selenium\Selenium_Tests\Best Friends Animal Society\junitvmwatcher8358279707808932263.properties propsfile=C:\Selenium\Selenium_Tests\Best Friends Animal Society\junit4124497985782385524.properties" />
    <property name="java.class.path" value="C:\Selenium\Selenium_Tests\Best Friends Animal Society\lib\selenium_2.35.0\junit-4.11-SNAPSHOT-20120805-1225.jar;C:\Selenium\Selenium_Tests\Best Friends Animal Society\lib\selenium_2.35.0\poi-3.8-20120326.jar;C:\Selenium\Selenium_Tests\Best Friends Animal Society;C:\Selenium\Selenium_Tests\Best Friends Animal Society\lib\selenium_2.35.0\selenium-server-standalone-2.35.0.jar;C:\Selenium\Selenium_Tests\Best Friends Animal Society\build;C:\Program Files (x86)\Java\jre7\bin;C:\Program Files (x86)\WinAnt\lib\ant-launcher.jar;C:\Program Files (x86)\WinAnt\lib\ant.jar;C:\Program Files (x86)\WinAnt\lib\ant-junit.jar;C:\Program Files (x86)\WinAnt\lib\ant-junit4.jar" />
    <property name="ant.version" value="Apache Ant(TM) version 1.8.2 compiled on December 20 2010" />
    <property name="testreport" value="C:\Selenium\Selenium_Tests\Best Friends Animal Society\junit-report" />
    <property name="java.vm.specification.name" value="Java Virtual Machine Specification" />
    <property name="ant.file.type" value="file" />
    <property name="java.vm.specification.version" value="1.7" />
    <property name="sun.cpu.endian" value="little" />
    <property name="sun.os.patch.level" value="" />
    <property name="java.io.tmpdir" value="C:\Users\NATHAN\AppData\Local\Temp\" />
    <property name="seleniumLibsFolder" value="selenium_2.35.0" />
    <property name="java.vendor.url.bug" value="http://bugreport.sun.com/bugreport/" />
    <property name="os.arch" value="x86" />
    <property name="java.awt.graphicsenv" value="sun.awt.Win32GraphicsEnvironment" />
    <property name="seleniumclient" value="C:\Selenium\Selenium_Tests\Best Friends Animal Society" />
    <property name="java.ext.dirs" value="C:\Program Files (x86)\Java\jdk1.7.0_40\jre\lib\ext;C:\Windows\Sun\Java\lib\ext" />
    <property name="seleniumserver" value="C:\Selenium\Selenium_Tests\Best Friends Animal Society\lib\selenium_2.35.0\selenium-server-standalone-2.35.0.jar" />
    <property name="user.dir" value="C:\Selenium\Selenium_Tests\Best Friends Animal Society" />
    <property name="line.separator" value="&#xd;&#xa;" />
    <property name="java.vm.name" value="Java HotSpot(TM) Client VM" />
    <property name="basedir" value="C:\Selenium\Selenium_Tests\Best Friends Animal Society" />
    <property name="ant.java.version" value="1.7" />
    <property name="ant.core.lib" value="C:\Program Files (x86)\WinAnt\lib\ant.jar" />
    <property name="file.encoding" value="Cp1252" />
    <property name="java.specification.version" value="1.7" />
    <property name="ant.project.invoked-targets" value="run_param_JUnit_tests" />
  </properties>
  <testcase classname="bestFriendsSiteMap.HomeVolunteerAtTheSanctuary" name="Volunteer" time="20.828" />
  <system-out><![CDATA[!!!! CREATE SELENIUM MANAGER
SETTING BROWSER as *firefox during property file processing
SETTING BROWSER as *firefox during system property file processing
Using Web Driver
Home->Volunteer Page...testing
]]></system-out>
  <system-err><![CDATA[]]></system-err>
</testsuite>
